<?xml version="1.0" encoding="UTF-8"?>
<!-- Generated by org.testng.reporters.JUnitXMLReporter -->
<testsuite ignored="0" hostname="LAPTOP-64TIP83V" failures="0" tests="3" name="Default test" time="0.711" errors="0" timestamp="2024-08-04T20:23:57 IST">
  <testcase classname="excelDriver.dataProvider" name="PracticeExcel" time="0.007"/>
  <testcase classname="excelDriver.dataProvider" name="PracticeExcel" time="0.001"/>
  <testcase classname="excelDriver.dataProvider" name="PracticeExcel" time="0.0"/>
</testsuite> <!-- Default test -->
