<?xml version="1.0" encoding="UTF-8"?>
<!-- Generated by org.testng.reporters.JUnitXMLReporter -->
<testsuite ignored="0" hostname="LAPTOP-64TIP83V" failures="0" tests="3" name="Default test" time="0.733" errors="0" timestamp="2024-07-30T13:16:36 IST">
  <testcase classname="excelDriver.dataProvider" name="PracticeExcel" time="0.01"/>
  <testcase classname="excelDriver.dataProvider" name="PracticeExcel" time="0.0"/>
  <testcase classname="excelDriver.dataProvider" name="PracticeExcel" time="0.001"/>
</testsuite> <!-- Default test -->
