<?xml version="1.0" encoding="UTF-8"?>
<!-- Generated by org.testng.reporters.JUnitXMLReporter -->
<testsuite ignored="0" hostname="LAPTOP-64TIP83V" failures="0" tests="3" name="dataProvider" time="0.793" errors="0" timestamp="2024-08-06T00:39:14 IST">
  <testcase classname="excelDriver.dataProvider" name="PracticeExcel" time="0.011"/>
  <testcase classname="excelDriver.dataProvider" name="PracticeExcel" time="0.001"/>
  <testcase classname="excelDriver.dataProvider" name="PracticeExcel" time="0.002"/>
</testsuite> <!-- dataProvider -->
