<?xml version="1.0" encoding="UTF-8"?>
<!-- Generated by org.testng.reporters.JUnitXMLReporter -->
<testsuite ignored="0" hostname="LAPTOP-64TIP83V" failures="0" tests="3" name="dataProvider" time="0.827" errors="0" timestamp="2024-08-07T21:03:07 IST">
  <testcase classname="excelDriver.dataProvider" name="PracticeExcel" time="0.01"/>
  <testcase classname="excelDriver.dataProvider" name="PracticeExcel" time="0.0"/>
  <testcase classname="excelDriver.dataProvider" name="PracticeExcel" time="0.0"/>
</testsuite> <!-- dataProvider -->
