<?xml version="1.0" encoding="UTF-8"?>
<testsuite xmlns:xsi="http://www.w3.org/2001/XMLSchema-instance" xsi:noNamespaceSchemaLocation="https://maven.apache.org/surefire/maven-surefire-plugin/xsd/surefire-test-report.xsd" version="3.0.2" name="TestSuite" time="1.053" tests="3" errors="0" skipped="0" failures="0">
  <properties>
[...]
</properties>
  <testcase name="PracticeExcel[Login, sdf, ecv, frf](1)" classname="excelDriver.dataProvider" time="0.013">
    <system-out><![CDATA[Value of Row is <xml-fragment r="2" spans="1:4" x14ac:dyDescent="0.35" xmlns:r="http://schemas.openxmlformats.org/officeDocument/2006/relationships" xmlns:mc="http://schemas.openxmlformats.org/markup-compatibility/2006" xmlns:x14ac="http://schemas.microsoft.com/office/spreadsheetml/2009/9/ac" xmlns:xr="http://schemas.microsoft.com/office/spreadsheetml/2014/revision" xmlns:xr2="http://schemas.microsoft.com/office/spreadsheetml/2015/revision2" xmlns:xr3="http://schemas.microsoft.com/office/spreadsheetml/2016/revision3" xmlns:main="http://schemas.openxmlformats.org/spreadsheetml/2006/main">
  <main:c r="A2" s="1" t="s">
    <main:v>4</main:v>
  </main:c>
  <main:c r="B2" s="1" t="s">
    <main:v>7</main:v>
  </main:c>
  <main:c r="C2" s="1" t="s">
    <main:v>10</main:v>
  </main:c>
  <main:c r="D2" s="1" t="s">
    <main:v>12</main:v>
  </main:c>
</xml-fragment>
Value of Row is <xml-fragment r="3" spans="1:4" x14ac:dyDescent="0.35" xmlns:r="http://schemas.openxmlformats.org/officeDocument/2006/relationships" xmlns:mc="http://schemas.openxmlformats.org/markup-compatibility/2006" xmlns:x14ac="http://schemas.microsoft.com/office/spreadsheetml/2009/9/ac" xmlns:xr="http://schemas.microsoft.com/office/spreadsheetml/2014/revision" xmlns:xr2="http://schemas.microsoft.com/office/spreadsheetml/2015/revision2" xmlns:xr3="http://schemas.microsoft.com/office/spreadsheetml/2016/revision3" xmlns:main="http://schemas.openxmlformats.org/spreadsheetml/2006/main">
  <main:c r="A3" s="1" t="s">
    <main:v>5</main:v>
  </main:c>
  <main:c r="B3" s="1" t="s">
    <main:v>8</main:v>
  </main:c>
  <main:c r="C3" s="1" t="s">
    <main:v>13</main:v>
  </main:c>
  <main:c r="D3" s="1" t="s">
    <main:v>12</main:v>
  </main:c>
</xml-fragment>
Value of Row is <xml-fragment r="4" spans="1:4" x14ac:dyDescent="0.35" xmlns:r="http://schemas.openxmlformats.org/officeDocument/2006/relationships" xmlns:mc="http://schemas.openxmlformats.org/markup-compatibility/2006" xmlns:x14ac="http://schemas.microsoft.com/office/spreadsheetml/2009/9/ac" xmlns:xr="http://schemas.microsoft.com/office/spreadsheetml/2014/revision" xmlns:xr2="http://schemas.microsoft.com/office/spreadsheetml/2015/revision2" xmlns:xr3="http://schemas.microsoft.com/office/spreadsheetml/2016/revision3" xmlns:main="http://schemas.openxmlformats.org/spreadsheetml/2006/main">
  <main:c r="A4" s="1" t="s">
    <main:v>6</main:v>
  </main:c>
  <main:c r="B4" s="1" t="s">
    <main:v>9</main:v>
  </main:c>
  <main:c r="C4" s="1" t="s">
    <main:v>14</main:v>
  </main:c>
  <main:c r="D4" s="1" t="s">
    <main:v>11</main:v>
  </main:c>
</xml-fragment>
Value of Row is null
Row is null
Row is null
Row is null
Row is null
Loginsdfecvfrf
]]></system-out>
    <system-err><![CDATA[SLF4J: Failed to load class "org.slf4j.impl.StaticLoggerBinder".
SLF4J: Defaulting to no-operation (NOP) logger implementation
SLF4J: See http://www.slf4j.org/codes.html#StaticLoggerBinder for further details.
ERROR StatusLogger Log4j2 could not find a logging implementation. Please add log4j-core to the classpath. Using SimpleLogger to log to the console...
]]></system-err>
  </testcase>
  <testcase name="PracticeExcel[Landing, ghy, fg, frf](2)" classname="excelDriver.dataProvider" time="0.001">
    <system-out><![CDATA[Landingghyfgfrf
]]></system-out>
  </testcase>
  <testcase name="PracticeExcel[CartPage, was, dg, uio](3)" classname="excelDriver.dataProvider" time="0.001">
    <system-out><![CDATA[CartPagewasdguio
]]></system-out>
  </testcase>
</testsuite>