<?xml version="1.0" encoding="UTF-8"?>
<testng-results ignored="0" total="3" passed="3" failed="0" skipped="0">
  <reporter-output>
  </reporter-output>
  <suite started-at="2024-08-06T16:03:30 IST" name="Suite" finished-at="2024-08-06T16:03:31 IST" duration-ms="620">
    <groups>
    </groups>
    <test started-at="2024-08-06T16:03:30 IST" name="dataProvider" finished-at="2024-08-06T16:03:31 IST" duration-ms="620">
      <class name="excelDriver.dataProvider">
        <test-method signature="PracticeExcel(java.lang.String,java.lang.String,java.lang.String,java.lang.String)[pri:0, instance:excelDriver.dataProvider@3d680b5a]" started-at="2024-08-06T16:03:31 IST" name="PracticeExcel" data-provider="ExcelData" finished-at="2024-08-06T16:03:31 IST" duration-ms="7" status="PASS">
          <params>
            <param index="0">
              <value>
                <![CDATA[Login]]>
              </value>
            </param>
            <param index="1">
              <value>
                <![CDATA[sdf]]>
              </value>
            </param>
            <param index="2">
              <value>
                <![CDATA[ecv]]>
              </value>
            </param>
            <param index="3">
              <value>
                <![CDATA[frf]]>
              </value>
            </param>
          </params>
          <reporter-output>
          </reporter-output>
        </test-method> <!-- PracticeExcel -->
        <test-method signature="PracticeExcel(java.lang.String,java.lang.String,java.lang.String,java.lang.String)[pri:0, instance:excelDriver.dataProvider@3d680b5a]" started-at="2024-08-06T16:03:31 IST" name="PracticeExcel" data-provider="ExcelData" finished-at="2024-08-06T16:03:31 IST" duration-ms="1" status="PASS">
          <params>
            <param index="0">
              <value>
                <![CDATA[Landing]]>
              </value>
            </param>
            <param index="1">
              <value>
                <![CDATA[ghy]]>
              </value>
            </param>
            <param index="2">
              <value>
                <![CDATA[fg]]>
              </value>
            </param>
            <param index="3">
              <value>
                <![CDATA[frf]]>
              </value>
            </param>
          </params>
          <reporter-output>
          </reporter-output>
        </test-method> <!-- PracticeExcel -->
        <test-method signature="PracticeExcel(java.lang.String,java.lang.String,java.lang.String,java.lang.String)[pri:0, instance:excelDriver.dataProvider@3d680b5a]" started-at="2024-08-06T16:03:31 IST" name="PracticeExcel" data-provider="ExcelData" finished-at="2024-08-06T16:03:31 IST" duration-ms="2" status="PASS">
          <params>
            <param index="0">
              <value>
                <![CDATA[CartPage]]>
              </value>
            </param>
            <param index="1">
              <value>
                <![CDATA[was]]>
              </value>
            </param>
            <param index="2">
              <value>
                <![CDATA[dg]]>
              </value>
            </param>
            <param index="3">
              <value>
                <![CDATA[uio]]>
              </value>
            </param>
          </params>
          <reporter-output>
          </reporter-output>
        </test-method> <!-- PracticeExcel -->
      </class> <!-- excelDriver.dataProvider -->
    </test> <!-- dataProvider -->
  </suite> <!-- Suite -->
</testng-results>
