<?xml version="1.0" encoding="UTF-8"?>
<testng-results ignored="0" total="3" passed="3" failed="0" skipped="0">
  <reporter-output>
  </reporter-output>
  <suite started-at="2024-08-05T20:38:48 IST" name="Suite" finished-at="2024-08-05T20:38:49 IST" duration-ms="1003">
    <groups>
    </groups>
    <test started-at="2024-08-05T20:38:48 IST" name="dataProvider" finished-at="2024-08-05T20:38:49 IST" duration-ms="1003">
      <class name="excelDriver.dataProvider">
        <test-method signature="PracticeExcel(java.lang.String,java.lang.String,java.lang.String,java.lang.String)[pri:0, instance:excelDriver.dataProvider@4b5d6a01]" started-at="2024-08-05T20:38:49 IST" name="PracticeExcel" data-provider="ExcelData" finished-at="2024-08-05T20:38:49 IST" duration-ms="10" status="PASS">
          <params>
            <param index="0">
              <value>
                <![CDATA[Login]]>
              </value>
            </param>
            <param index="1">
              <value>
                <![CDATA[sdf]]>
              </value>
            </param>
            <param index="2">
              <value>
                <![CDATA[ecv]]>
              </value>
            </param>
            <param index="3">
              <value>
                <![CDATA[frf]]>
              </value>
            </param>
          </params>
          <reporter-output>
          </reporter-output>
        </test-method> <!-- PracticeExcel -->
        <test-method signature="PracticeExcel(java.lang.String,java.lang.String,java.lang.String,java.lang.String)[pri:0, instance:excelDriver.dataProvider@4b5d6a01]" started-at="2024-08-05T20:38:49 IST" name="PracticeExcel" data-provider="ExcelData" finished-at="2024-08-05T20:38:49 IST" duration-ms="9" status="PASS">
          <params>
            <param index="0">
              <value>
                <![CDATA[Landing]]>
              </value>
            </param>
            <param index="1">
              <value>
                <![CDATA[ghy]]>
              </value>
            </param>
            <param index="2">
              <value>
                <![CDATA[fg]]>
              </value>
            </param>
            <param index="3">
              <value>
                <![CDATA[frf]]>
              </value>
            </param>
          </params>
          <reporter-output>
          </reporter-output>
        </test-method> <!-- PracticeExcel -->
        <test-method signature="PracticeExcel(java.lang.String,java.lang.String,java.lang.String,java.lang.String)[pri:0, instance:excelDriver.dataProvider@4b5d6a01]" started-at="2024-08-05T20:38:49 IST" name="PracticeExcel" data-provider="ExcelData" finished-at="2024-08-05T20:38:49 IST" duration-ms="3" status="PASS">
          <params>
            <param index="0">
              <value>
                <![CDATA[CartPage]]>
              </value>
            </param>
            <param index="1">
              <value>
                <![CDATA[was]]>
              </value>
            </param>
            <param index="2">
              <value>
                <![CDATA[dg]]>
              </value>
            </param>
            <param index="3">
              <value>
                <![CDATA[uio]]>
              </value>
            </param>
          </params>
          <reporter-output>
          </reporter-output>
        </test-method> <!-- PracticeExcel -->
      </class> <!-- excelDriver.dataProvider -->
    </test> <!-- dataProvider -->
  </suite> <!-- Suite -->
</testng-results>
